
$ ls -la
ls -la[?2004l
total 39
drwxr-xr-x 1 ukiin 197609     0  1月 19 19:15 .
drwxr-xr-x 1 ukiin 197609     0  1月 19 11:42 ..
-rw-r--r-- 1 ukiin 197609   430  1月 19 18:50 .env
drwxr-xr-x 1 ukiin 197609     0  1月 19 16:54 .git
-rw-r--r-- 1 ukiin 197609    92  1月 18 22:00 .gitignore
drwxr-xr-x 1 ukiin 197609     0  1月 18 22:03 .venv
-rw-r--r-- 1 ukiin 197609  1100  1月 19 14:44 AGENT.md
drwxr-xr-x 1 ukiin 197609     0  1月 18 22:16 channels
drwxr-xr-x 1 ukiin 197609     0  1月 18 22:00 command
-rw-r--r-- 1 ukiin 197609  1946  1月 19 18:29 config.yaml
drwxr-xr-x 1 ukiin 197609     0  1月 18 22:16 core
drwxr-xr-x 1 ukiin 197609     0  1月 19 17:04 docs
drwxr-xr-x 1 ukiin 197609     0  1月 19 19:15 logs
-rw-r--r-- 1 ukiin 197609 11618  1月 19 00:50 README.md
-rw-r--r-- 1 ukiin 197609   114  1月 18 22:10 requirements.txt
drwxr-xr-x 1 ukiin 197609     0  1月 19 13:19 scripts[?2004h
bash-5.2$
$ ls -R
$ ls -l
